#
# An unexpected error has been detected by Java Runtime Environment:
#
#  Internal Error (4F533F57494E13123F414D4416140E4350500031), pid=7972, tid=6148
#
# Java VM: Java HotSpot(TM) 64-Bit Server VM (1.6.0-b105 mixed mode)
# If you would like to submit a bug report, please visit:
#   http://java.sun.com/webapps/bugreport/crash.jsp
#

---------------  T H R E A D  ---------------

Current thread (0x0000000003d6fc00):  JavaThread "main" [_thread_in_native, id=6148]

Stack: [0x0000000000030000,0x0000000001030000)
Java frames: (J=compiled Java code, j=interpreted, Vv=VM code)
j  com.mathworks.jmi.NativeMatlab.PostMatlabMessage(Ljava/lang/Object;J)V+0
j  com.mathworks.jmi.NativeMatlab.postMatlabMessage(Ljava/lang/Object;J)V+3
j  com.mathworks.jmi.NativeMatlab.postMatlabMessage(Ljava/lang/Object;)V+6
j  com.mathworks.jmi.MatlabLooper.postMatlabMessage(Lcom/mathworks/services/message/MWMessage;Lcom/mathworks/services/message/MWHandler;)V+30
j  com.mathworks.jmi.MatlabMCR.postAsync(Lcom/mathworks/services/message/MWMessage;Lcom/mathworks/jmi/CompletionObserver;Lcom/mathworks/jmi/MatlabListener;)V+34
j  com.mathworks.jmi.MatlabMCR.stderrString(Ljava/lang/String;)V+42
j  com.mathworks.jmi.MatlabErrStream.flush()V+19
j  java.io.PrintStream.write([BII)V+30
j  sun.nio.cs.StreamEncoder.writeBytes()V+120
j  sun.nio.cs.StreamEncoder.implFlushBuffer()V+11
j  sun.nio.cs.StreamEncoder.flushBuffer()V+15
j  java.io.OutputStreamWriter.flushBuffer()V+4
j  java.io.PrintStream.write(Ljava/lang/String;)V+27
j  java.io.PrintStream.print(Ljava/lang/String;)V+9
j  java.io.PrintStream.println(Ljava/lang/Object;)V+11
j  java.lang.Throwable.printStackTrace(Ljava/io/PrintStream;)V+6
j  java.lang.Throwable.printStackTrace()V+4
v  ~StubRoutines::call_stub

---------------  P R O C E S S  ---------------

Java Threads: ( => current thread )
  0x0000000030c50c00 JavaThread "AWT-EventQueue-0" [_thread_blocked, id=6728]
  0x0000000030c51400 JavaThread "Timer queue for AWT thread" daemon [_thread_blocked, id=8136]
  0x0000000030c50400 JavaThread "Thread-102" [_thread_blocked, id=5732]
  0x0000000030c50000 JavaThread "Prefs Updater" [_thread_blocked, id=4388]
  0x0000000030c4e400 JavaThread "Thread-8" [_thread_blocked, id=7008]
  0x0000000030c4dc00 JavaThread "Thread-7" [_thread_blocked, id=6384]
  0x0000000030c4d400 JavaThread "Active Reference Queue Daemon" daemon [_thread_blocked, id=5756]
  0x0000000030c4cc00 JavaThread "Timer-3" daemon [_thread_blocked, id=6660]
  0x0000000030b07c00 JavaThread "Timer-2" daemon [_thread_blocked, id=5536]
  0x00000000117a8000 JavaThread "AWT-Windows" daemon [_thread_blocked, id=7604]
  0x0000000011785400 JavaThread "AWT-Shutdown" [_thread_blocked, id=7500]
  0x0000000011784c00 JavaThread "Java2D Disposer" daemon [_thread_blocked, id=5632]
  0x000000000fb78400 JavaThread "Timer-0" [_thread_blocked, id=6572]
  0x000000000faf2400 JavaThread "Low Memory Detector" daemon [_thread_blocked, id=8096]
  0x000000000faf0000 JavaThread "CompilerThread1" daemon [_thread_blocked, id=7180]
  0x000000000fae8400 JavaThread "CompilerThread0" daemon [_thread_blocked, id=7932]
  0x000000000fae7400 JavaThread "Attach Listener" daemon [_thread_blocked, id=6720]
  0x000000000facf400 JavaThread "Finalizer" daemon [_thread_blocked, id=4548]
  0x000000000fac9800 JavaThread "Reference Handler" daemon [_thread_blocked, id=4724]
=>0x0000000003d6fc00 JavaThread "main" [_thread_in_native, id=6148]

Other Threads:
  0x000000000fac6000 VMThread [id=7184]
  0x000000000faf7800 WatcherThread [id=5416]

VM state:not at safepoint (normal execution)

VM Mutex/Monitor currently owned by a thread: None

Heap
 PSYoungGen      total 33472K, used 16768K [0x00000000265a0000, 0x00000000296a0000, 0x00000000296a0000)
  eden space 16768K, 100% used [0x00000000265a0000,0x0000000027600000,0x0000000027600000)
  from space 16704K, 0% used [0x0000000027600000,0x0000000027600000,0x0000000028650000)
  to   space 16704K, 0% used [0x0000000028650000,0x0000000028650000,0x00000000296a0000)
 PSOldGen        total 150528K, used 149616K [0x000000001d2a0000, 0x00000000265a0000, 0x00000000265a0000)
  object space 150528K, 99% used [0x000000001d2a0000,0x00000000264bc238,0x00000000265a0000)
 PSPermGen       total 45632K, used 45614K [0x00000000152a0000, 0x0000000017f30000, 0x000000001d2a0000)
  object space 45632K, 99% used [0x00000000152a0000,0x0000000017f2b998,0x0000000017f30000)

Dynamic libraries:
0x0000000140000000 - 0x0000000140138000 	C:\Program Files\MATLAB\R2008a\bin\win64\MATLAB.exe
0x0000000076cd0000 - 0x0000000076e79000 	C:\Windows\SYSTEM32\ntdll.dll
0x0000000076bb0000 - 0x0000000076ccf000 	C:\Windows\system32\kernel32.dll
0x000007fefccd0000 - 0x000007fefcd3c000 	C:\Windows\system32\KERNELBASE.dll
0x0000000180000000 - 0x0000000180401000 	C:\Program Files\MATLAB\R2008a\bin\win64\libut.dll
0x000007fefd870000 - 0x000007fefd887000 	C:\Windows\system32\imagehlp.dll
0x000007fefddf0000 - 0x000007fefde8f000 	C:\Windows\system32\msvcrt.dll
0x0000000076e90000 - 0x0000000076e97000 	C:\Windows\system32\PSAPI.DLL
0x00000000010d0000 - 0x00000000010f8000 	C:\Program Files\MATLAB\R2008a\bin\win64\LIBEXPAT.dll
0x0000000073350000 - 0x0000000073419000 	C:\Windows\WinSxS\amd64_microsoft.vc80.crt_1fc8b3b9a1e18e3b_8.0.50727.6195_none_88e41e092fab0294\MSVCR80.dll
0x000000004a800000 - 0x000000004a917000 	C:\Program Files\MATLAB\R2008a\bin\win64\icuuc36.dll
0x000007fefdc90000 - 0x000007fefdd6b000 	C:\Windows\system32\ADVAPI32.dll
0x000007fefd8f0000 - 0x000007fefd90f000 	C:\Windows\SYSTEM32\sechost.dll
0x000007fefdb60000 - 0x000007fefdc8d000 	C:\Windows\system32\RPCRT4.dll
0x0000000001120000 - 0x0000000001123000 	C:\Program Files\MATLAB\R2008a\bin\win64\icudt36.dll
0x000000004ab00000 - 0x000000004ab0f000 	C:\Program Files\MATLAB\R2008a\bin\win64\icuio36.dll
0x0000000001350000 - 0x0000000001456000 	C:\Program Files\MATLAB\R2008a\bin\win64\icuin36.dll
0x0000000072420000 - 0x0000000072529000 	C:\Windows\WinSxS\amd64_microsoft.vc80.crt_1fc8b3b9a1e18e3b_8.0.50727.6195_none_88e41e092fab0294\MSVCP80.dll
0x0000000076ab0000 - 0x0000000076baa000 	C:\Windows\system32\USER32.dll
0x000007fefe1d0000 - 0x000007fefe237000 	C:\Windows\system32\GDI32.dll
0x000007fefefd0000 - 0x000007fefefde000 	C:\Windows\system32\LPK.dll
0x000007fefda90000 - 0x000007fefdb59000 	C:\Windows\system32\USP10.dll
0x0000000001460000 - 0x00000000015d4000 	C:\Program Files\MATLAB\R2008a\bin\win64\libmwservices.dll
0x0000000001170000 - 0x00000000011e0000 	C:\Program Files\MATLAB\R2008a\bin\win64\libmx.dll
0x00000000011f0000 - 0x0000000001207000 	C:\Program Files\MATLAB\R2008a\bin\win64\zlib1.dll
0x00000000015e0000 - 0x0000000001688000 	C:\Program Files\MATLAB\R2008a\bin\win64\libmwmathutil.dll
0x0000000001690000 - 0x00000000016e5000 	C:\Program Files\MATLAB\R2008a\bin\win64\mpath.dll
0x00000000016f0000 - 0x0000000001711000 	C:\Program Files\MATLAB\R2008a\bin\win64\mlutil.dll
0x000007fef9120000 - 0x000007fef91c0000 	C:\Windows\WinSxS\amd64_microsoft.windows.common-controls_6595b64144ccf1df_5.82.7601.17514_none_a4d6a923711520a9\COMCTL32.dll
0x000007fefd510000 - 0x000007fefd5a7000 	C:\Windows\system32\comdlg32.dll
0x000007fefe0b0000 - 0x000007fefe121000 	C:\Windows\system32\SHLWAPI.dll
0x000007fefe240000 - 0x000007fefefc8000 	C:\Windows\system32\SHELL32.dll
0x000007fefc130000 - 0x000007fefc146000 	C:\Windows\system32\NETAPI32.dll
0x000007fefc100000 - 0x000007fefc10c000 	C:\Windows\system32\netutils.dll
0x000007fefc770000 - 0x000007fefc793000 	C:\Windows\system32\srvcli.dll
0x000007fefc110000 - 0x000007fefc125000 	C:\Windows\system32\wkscli.dll
0x000007fefd710000 - 0x000007fefd75d000 	C:\Windows\system32\WS2_32.dll
0x000007fefde90000 - 0x000007fefde98000 	C:\Windows\system32\NSI.dll
0x0000000001720000 - 0x0000000001775000 	C:\Program Files\MATLAB\R2008a\bin\win64\mcr.dll
0x0000000001780000 - 0x00000000017a5000 	C:\Program Files\MATLAB\R2008a\bin\win64\iqm.dll
0x00000000017c0000 - 0x00000000017e1000 	C:\Program Files\MATLAB\R2008a\bin\win64\bridge.dll
0x0000000001800000 - 0x0000000001811000 	C:\Program Files\MATLAB\R2008a\bin\win64\libmex.dll
0x0000000001830000 - 0x00000000018bc000 	C:\Program Files\MATLAB\R2008a\bin\win64\m_dispatcher.dll
0x00000000018d0000 - 0x00000000018f5000 	C:\Program Files\MATLAB\R2008a\bin\win64\datasvcs.dll
0x0000000012000000 - 0x0000000012295000 	C:\Program Files\MATLAB\R2008a\bin\win64\xerces-c_2_7.dll
0x0000000001920000 - 0x00000000021b1000 	C:\Program Files\MATLAB\R2008a\bin\win64\m_interpreter.dll
0x00000000021d0000 - 0x0000000002201000 	C:\Program Files\MATLAB\R2008a\bin\win64\libmat.dll
0x0000000002220000 - 0x0000000002325000 	C:\Program Files\MATLAB\R2008a\bin\win64\libhdf5.dll
0x0000000002330000 - 0x000000000239f000 	C:\Program Files\MATLAB\R2008a\bin\win64\profiler.dll
0x00000000023b0000 - 0x00000000023ba000 	C:\Program Files\MATLAB\R2008a\bin\win64\libmwmathrng.dll
0x00000000023d0000 - 0x00000000023ea000 	C:\Program Files\MATLAB\R2008a\bin\win64\m_pcodeio.dll
0x0000000002400000 - 0x000000000244a000 	C:\Program Files\MATLAB\R2008a\bin\win64\m_ir.dll
0x0000000002460000 - 0x0000000002a1b000 	C:\Program Files\MATLAB\R2008a\bin\win64\m_parser.dll
0x0000000002a30000 - 0x0000000002a42000 	C:\Program Files\MATLAB\R2008a\bin\win64\ir_xfmr.dll
0x0000000002a60000 - 0x0000000002c7b000 	C:\Program Files\MATLAB\R2008a\bin\win64\mcos.dll
0x0000000002c90000 - 0x0000000002c9c000 	C:\Program Files\MATLAB\R2008a\bin\win64\mtok.dll
0x0000000002cb0000 - 0x0000000002cd0000 	C:\Program Files\MATLAB\R2008a\bin\win64\m_pcodegen.dll
0x000007fef3d10000 - 0x000007fef3e35000 	C:\Windows\system32\dbghelp.dll
0x0000000002ce0000 - 0x0000000002cf0000 	C:\Program Files\MATLAB\R2008a\bin\win64\boost_thread-vc80-mt-1_34_1.dll
0x0000000002d00000 - 0x0000000002dc0000 	C:\Program Files\MATLAB\R2008a\bin\win64\udd.dll
0x0000000002dd0000 - 0x0000000002f12000 	C:\Program Files\MATLAB\R2008a\bin\win64\libmwgui.dll
0x0000000002f30000 - 0x000000000316a000 	C:\Program Files\MATLAB\R2008a\bin\win64\hg.dll
0x0000000003180000 - 0x00000000031d6000 	C:\Program Files\MATLAB\R2008a\bin\win64\jmi.dll
0x00000000031f0000 - 0x000000000322e000 	C:\Program Files\MATLAB\R2008a\bin\win64\libmwhardcopy.dll
0x0000000003240000 - 0x000000000329c000 	C:\Program Files\MATLAB\R2008a\bin\win64\libuij.dll
0x00000000032b0000 - 0x000000000353c000 	C:\Program Files\MATLAB\R2008a\bin\win64\numerics.dll
0x0000000003550000 - 0x000000000355c000 	C:\Program Files\MATLAB\R2008a\bin\win64\libmwblas.dll
0x0000000003570000 - 0x000000000357f000 	C:\Program Files\MATLAB\R2008a\bin\win64\libmwbinder.dll
0x0000000003590000 - 0x00000000035b4000 	C:\Program Files\MATLAB\R2008a\bin\win64\libmwlapack.dll
0x00000000035d0000 - 0x00000000035db000 	C:\Program Files\MATLAB\R2008a\bin\win64\libmwfftw.dll
0x00000000035f0000 - 0x0000000003625000 	C:\Program Files\MATLAB\R2008a\bin\win64\libmwrookfastbp.dll
0x0000000003640000 - 0x000000000366e000 	C:\Program Files\MATLAB\R2008a\bin\win64\libmwma57.dll
0x0000000010000000 - 0x00000000100d3000 	C:\Program Files\MATLAB\R2008a\bin\win64\libifcoremd.dll
0x0000000003680000 - 0x000000000389d000 	C:\Program Files\MATLAB\R2008a\bin\win64\libmmd.dll
0x00000000038a0000 - 0x00000000038a9000 	C:\Program Files\MATLAB\R2008a\bin\win64\libmwcsparse.dll
0x00000000038c0000 - 0x000000000398a000 	C:\Program Files\MATLAB\R2008a\bin\win64\libmwumfpack.dll
0x00000000039a0000 - 0x00000000039ad000 	C:\Program Files\MATLAB\R2008a\bin\win64\libmwamd.dll
0x00000000039c0000 - 0x0000000003a52000 	C:\Program Files\MATLAB\R2008a\bin\win64\libmwcholmod.dll
0x0000000003a70000 - 0x0000000003a7c000 	C:\Program Files\MATLAB\R2008a\bin\win64\libmwcolamd.dll
0x0000000003a90000 - 0x0000000003b49000 	C:\Program Files\MATLAB\R2008a\bin\win64\uiw.dll
0x0000000003b60000 - 0x0000000003b6a000 	C:\Program Files\MATLAB\R2008a\bin\win64\uinone.dll
0x0000000071480000 - 0x000000007161c000 	C:\Windows\WinSxS\amd64_microsoft.vc80.mfc_1fc8b3b9a1e18e3b_8.0.50727.6195_none_8448b2bd328df189\MFC80.DLL
0x000007fefaf40000 - 0x000007fefafb1000 	C:\Windows\system32\WINSPOOL.DRV
0x000007fefdea0000 - 0x000007fefe0a3000 	C:\Windows\system32\ole32.dll
0x000007fefd430000 - 0x000007fefd507000 	C:\Windows\system32\OLEAUT32.dll
0x0000000003b80000 - 0x0000000003c10000 	C:\Program Files\MATLAB\R2008a\bin\win64\udd_mi.dll
0x0000000003c20000 - 0x0000000003c38000 	C:\Program Files\MATLAB\R2008a\bin\win64\mwoles05.DLL
0x0000000003c50000 - 0x0000000003cb9000 	C:\Program Files\MATLAB\R2008a\bin\win64\comcli.dll
0x0000000072400000 - 0x0000000072420000 	C:\Windows\WinSxS\amd64_microsoft.vc80.atl_1fc8b3b9a1e18e3b_8.0.50727.6195_none_8a1dd9552ed7f8d8\ATL80.DLL
0x0000000003cd0000 - 0x0000000003cde000 	C:\Program Files\MATLAB\R2008a\bin\win64\mlautoregister.dll
0x000007fefd5b0000 - 0x000007fefd5de000 	C:\Windows\system32\IMM32.DLL
0x000007fefd760000 - 0x000007fefd869000 	C:\Windows\system32\MSCTF.dll
0x000000006fa00000 - 0x000000006fa3f000 	C:\PROGRA~2\Sophos\SOPHOS~1\SOPHOS~2.DLL
0x0000000007600000 - 0x0000000007fce000 	C:\Program Files\MATLAB\R2008a\bin\win64\mkl.dll
0x0000000006e90000 - 0x0000000006edb000 	C:\Program Files\MATLAB\R2008a\bin\win64\libguide40.dll
0x0000000003f70000 - 0x0000000003f78000 	C:\Program Files\MATLAB\R2008a\bin\win64\mklcompat.dll
0x0000000007fd0000 - 0x0000000008577000 	C:\Program Files\MATLAB\R2008a\bin\win64\mllapack.dll
0x00000000071b0000 - 0x00000000072a4000 	C:\Program Files\MATLAB\R2008a\bin\win64\libfftw3i.dll
0x0000000008580000 - 0x000000000866e000 	C:\Program Files\MATLAB\R2008a\bin\win64\libfftw3f.dll
0x0000000071250000 - 0x000000007125d000 	C:\Windows\WinSxS\amd64_microsoft.vc80.mfcloc_1fc8b3b9a1e18e3b_8.0.50727.6195_none_bc20f59b0bdd1acd\MFC80ENU.DLL
0x000007fefcc20000 - 0x000007fefcc2f000 	C:\Windows\system32\profapi.dll
0x000007fefcb50000 - 0x000007fefcb5f000 	C:\Windows\system32\CRYPTBASE.dll
0x000007fefb740000 - 0x000007fefb934000 	C:\Windows\WinSxS\amd64_microsoft.windows.common-controls_6595b64144ccf1df_6.0.7601.17514_none_fa396087175ac9ac\comctl32.dll
0x000007fefd250000 - 0x000007fefd427000 	C:\Windows\system32\SETUPAPI.dll
0x000007fefcf70000 - 0x000007fefcfa6000 	C:\Windows\system32\CFGMGR32.dll
0x000007fefcd40000 - 0x000007fefcd5a000 	C:\Windows\system32\DEVOBJ.dll
0x000007fefe130000 - 0x000007fefe1c9000 	C:\Windows\system32\CLBCatQ.DLL
0x000007fefb1a0000 - 0x000007fefb2cc000 	C:\Windows\system32\propsys.dll
0x000007fefa750000 - 0x000007fefa77d000 	C:\Windows\system32\ntmarta.dll
0x000007fefd890000 - 0x000007fefd8e2000 	C:\Windows\system32\WLDAP32.dll
0x000007fef9db0000 - 0x000007fef9dd7000 	C:\Windows\system32\iphlpapi.dll
0x000007fef9da0000 - 0x000007fef9dab000 	C:\Windows\system32\WINNSI.DLL
0x000007fefc2c0000 - 0x000007fefc31b000 	C:\Windows\system32\DNSAPI.dll
0x000007fef9860000 - 0x000007fef9878000 	C:\Windows\system32\dhcpcsvc.DLL
0x000007fef9840000 - 0x000007fef9851000 	C:\Windows\system32\dhcpcsvc6.DLL
0x000007fefcac0000 - 0x000007fefcae5000 	C:\Windows\system32\SspiCli.dll
0x000000006b000000 - 0x000000006b003000 	C:\Windows\system32\icmp.Dll
0x000000000edd0000 - 0x000000000f321000 	C:\Program Files\MATLAB\R2008a\sys\java\jre\win64\jre1.6.0\bin\server\jvm.dll
0x000007fefa780000 - 0x000007fefa7bb000 	C:\Windows\system32\WINMM.dll
0x00000000072b0000 - 0x0000000007315000 	C:\Program Files\WIDCOMM\Bluetooth Software\btmmhook.dll
0x0000000007150000 - 0x000000000715a000 	C:\Program Files\MATLAB\R2008a\sys\java\jre\win64\jre1.6.0\bin\hpi.dll
0x0000000007170000 - 0x000000000717e000 	C:\Program Files\MATLAB\R2008a\sys\java\jre\win64\jre1.6.0\bin\verify.dll
0x0000000007320000 - 0x0000000007347000 	C:\Program Files\MATLAB\R2008a\sys\java\jre\win64\jre1.6.0\bin\java.dll
0x0000000007350000 - 0x0000000007362000 	C:\Program Files\MATLAB\R2008a\sys\java\jre\win64\jre1.6.0\bin\zip.dll
0x00000000073d0000 - 0x00000000073e6000 	C:\Program Files\MATLAB\R2008a\bin\win64\nativejava.dll
0x0000000008770000 - 0x0000000008786000 	C:\Program Files\MATLAB\R2008a\bin\win64\nativejmi.dll
0x0000000008790000 - 0x0000000008797000 	C:\Program Files\MATLAB\R2008a\bin\win64\nativeservices.dll
0x0000000011ce0000 - 0x0000000011f30000 	C:\Program Files\MATLAB\R2008a\sys\java\jre\win64\jre1.6.0\bin\awt.dll

VM Arguments:
jvm_args: -Xss512k -XX:PermSize=32M -Xms64m -XX:NewRatio=3 -XX:MaxPermSize=128M -Xmx196m -XX:MaxDirectMemorySize=2147400000 -Dsun.java2d.noddraw=true -Dsun.awt.nopixfmt=true -Xshare:off -Xrs -Djava.library.path=C:\Program Files\MATLAB\R2008a\bin\win64 vfprintf abort
java_command: <unknown>
Launcher Type: generic

Environment Variables:
CLASSPATH=.;C:\Program Files (x86)\Java\jre6\lib\ext\QTJava.zip
PATH=C:\Program Files (x86)\Nokia\PC Connectivity Solution\;C:\Windows\system32;C:\Windows;C:\Windows\System32\Wbem;C:\Windows\System32\WindowsPowerShell\v1.0\;C:\Program Files\Intel\WiFi\bin\;C:\Program Files\Common Files\Intel\WirelessCommon\;C:\Program Files\Intel\DMIX;C:\Program Files (x86)\NTRU Cryptosystems\NTRU TCG Software Stack\bin\;C:\Program Files\NTRU Cryptosystems\NTRU TCG Software Stack\bin\;C:\Program Files\Wave Systems Corp\Gemalto\Access Client\v5\;c:\Program Files\WIDCOMM\Bluetooth Software\;c:\Program Files\WIDCOMM\Bluetooth Software\syswow64;C:\Program Files (x86)\Common Files\Roxio Shared\DLLShared\;C:\Program Files (x86)\Common Files\Roxio Shared\10.0\DLLShared\;C:\Program Files (x86)\Common Files\Adobe\AGL;C:\Program Files\MATLAB\R2010b\bin;C:\Program Files\MATLAB\R2010a\bin;C:\Program Files\MATLAB\R2008a\bin;C:\Program Files\MATLAB\R2008a\bin\win64;C:\Program Files\Microsoft Windows Performance Toolkit\;C:\Program Files (x86)\QuickTime\QTSystem\
USERNAME=rmeddis
OS=Windows_NT
PROCESSOR_IDENTIFIER=Intel64 Family 6 Model 37 Stepping 2, GenuineIntel



---------------  S Y S T E M  ---------------

OS: Windows NT 6.1 Build 7601 Service Pack 1

CPU:total 4 em64t ht

Memory: 4k page, physical 8181592k(5385728k free), swap 16361336k(13540236k free)

vm_info: Java HotSpot(TM) 64-Bit Server VM (1.6.0-b105) for windows-amd64, built on Nov 29 2006 00:38:01 by "java_re" with unknown MS VC++:1400

